Analysis & Synthesis report for PBL3
Wed Nov 26 22:37:48 2025
Quartus Prime Version 23.1std.1 Build 993 05/14/2024 SC Lite Edition


---------------------
; Table of Contents ;
---------------------
  1. Legal Notice
  2. Analysis & Synthesis Summary
  3. Analysis & Synthesis Settings
  4. Parallel Compilation
  5. Analysis & Synthesis Source Files Read
  6. Analysis & Synthesis Resource Usage Summary
  7. Analysis & Synthesis Resource Utilization by Entity
  8. State Machine - |projeto_vinho_top|contador_rolhas:contador_rolhas_inst|estado_dispensador
  9. Registers Removed During Synthesis
 10. General Register Statistics
 11. Inverted Register Statistics
 12. Multiplexer Restructuring Statistics (Restructuring Performed)
 13. Parameter Settings for User Entity Instance: debounce:debounce_add_rolha
 14. Parameter Settings for User Entity Instance: debounce:debounce_start
 15. Parameter Settings for User Entity Instance: fsm_main:comb_21
 16. Parameter Settings for User Entity Instance: contador_rolhas:contador_rolhas_inst
 17. Parameter Settings for User Entity Instance: contador_duzias_v2:contador_duzias_inst
 18. Parameter Settings for Inferred Entity Instance: decodificador_display:dec_rolhas|lpm_divide:Mod0
 19. Parameter Settings for Inferred Entity Instance: decodificador_display:dec_rolhas|lpm_divide:Div0
 20. Parameter Settings for Inferred Entity Instance: decodificador_display:dec_duzias|lpm_divide:Mod0
 21. Parameter Settings for Inferred Entity Instance: decodificador_display:dec_duzias|lpm_divide:Div0
 22. Port Connectivity Checks: "debounce:debounce_start"
 23. Post-Synthesis Netlist Statistics for Top Partition
 24. Elapsed Time Per Partition
 25. Analysis & Synthesis Messages
 26. Analysis & Synthesis Suppressed Messages



----------------
; Legal Notice ;
----------------
Copyright (C) 2024  Intel Corporation. All rights reserved.
Your use of Intel Corporation's design tools, logic functions 
and other software and tools, and any partner logic 
functions, and any output files from any of the foregoing 
(including device programming or simulation files), and any 
associated documentation or information are expressly subject 
to the terms and conditions of the Intel Program License 
Subscription Agreement, the Intel Quartus Prime License Agreement,
the Intel FPGA IP License Agreement, or other applicable license
agreement, including, without limitation, that your use is for
the sole purpose of programming logic devices manufactured by
Intel and sold by Intel or its authorized distributors.  Please
refer to the applicable agreement for further details, at
https://fpgasoftware.intel.com/eula.



+-------------------------------------------------------------------------------------+
; Analysis & Synthesis Summary                                                        ;
+------------------------------------+------------------------------------------------+
; Analysis & Synthesis Status        ; Successful - Wed Nov 26 22:37:48 2025          ;
; Quartus Prime Version              ; 23.1std.1 Build 993 05/14/2024 SC Lite Edition ;
; Revision Name                      ; PBL3                                           ;
; Top-level Entity Name              ; projeto_vinho_top                              ;
; Family                             ; MAX 10                                         ;
; Total logic elements               ; 509                                            ;
;     Total combinational functions  ; 506                                            ;
;     Dedicated logic registers      ; 187                                            ;
; Total registers                    ; 187                                            ;
; Total pins                         ; 49                                             ;
; Total virtual pins                 ; 0                                              ;
; Total memory bits                  ; 0                                              ;
; Embedded Multiplier 9-bit elements ; 0                                              ;
; Total PLLs                         ; 0                                              ;
; UFM blocks                         ; 0                                              ;
; ADC blocks                         ; 0                                              ;
+------------------------------------+------------------------------------------------+


+------------------------------------------------------------------------------------------------------------+
; Analysis & Synthesis Settings                                                                              ;
+------------------------------------------------------------------+--------------------+--------------------+
; Option                                                           ; Setting            ; Default Value      ;
+------------------------------------------------------------------+--------------------+--------------------+
; Device                                                           ; 10M50DCF484C7G     ;                    ;
; Top-level entity name                                            ; projeto_vinho_top  ; PBL3               ;
; Family name                                                      ; MAX 10             ; Cyclone V          ;
; Use smart compilation                                            ; Off                ; Off                ;
; Enable parallel Assembler and Timing Analyzer during compilation ; On                 ; On                 ;
; Enable compact report table                                      ; Off                ; Off                ;
; Restructure Multiplexers                                         ; Auto               ; Auto               ;
; Create Debugging Nodes for IP Cores                              ; Off                ; Off                ;
; Preserve fewer node names                                        ; On                 ; On                 ;
; Intel FPGA IP Evaluation Mode                                    ; Enable             ; Enable             ;
; Verilog Version                                                  ; Verilog_2001       ; Verilog_2001       ;
; VHDL Version                                                     ; VHDL_1993          ; VHDL_1993          ;
; State Machine Processing                                         ; Auto               ; Auto               ;
; Safe State Machine                                               ; Off                ; Off                ;
; Extract Verilog State Machines                                   ; On                 ; On                 ;
; Extract VHDL State Machines                                      ; On                 ; On                 ;
; Ignore Verilog initial constructs                                ; Off                ; Off                ;
; Iteration limit for constant Verilog loops                       ; 5000               ; 5000               ;
; Iteration limit for non-constant Verilog loops                   ; 250                ; 250                ;
; Add Pass-Through Logic to Inferred RAMs                          ; On                 ; On                 ;
; Infer RAMs from Raw Logic                                        ; On                 ; On                 ;
; Parallel Synthesis                                               ; On                 ; On                 ;
; DSP Block Balancing                                              ; Auto               ; Auto               ;
; NOT Gate Push-Back                                               ; On                 ; On                 ;
; Power-Up Don't Care                                              ; On                 ; On                 ;
; Remove Redundant Logic Cells                                     ; Off                ; Off                ;
; Remove Duplicate Registers                                       ; On                 ; On                 ;
; Ignore CARRY Buffers                                             ; Off                ; Off                ;
; Ignore CASCADE Buffers                                           ; Off                ; Off                ;
; Ignore GLOBAL Buffers                                            ; Off                ; Off                ;
; Ignore ROW GLOBAL Buffers                                        ; Off                ; Off                ;
; Ignore LCELL Buffers                                             ; Off                ; Off                ;
; Ignore SOFT Buffers                                              ; On                 ; On                 ;
; Limit AHDL Integers to 32 Bits                                   ; Off                ; Off                ;
; Optimization Technique                                           ; Balanced           ; Balanced           ;
; Carry Chain Length                                               ; 70                 ; 70                 ;
; Auto Carry Chains                                                ; On                 ; On                 ;
; Auto Open-Drain Pins                                             ; On                 ; On                 ;
; Perform WYSIWYG Primitive Resynthesis                            ; Off                ; Off                ;
; Auto ROM Replacement                                             ; On                 ; On                 ;
; Auto RAM Replacement                                             ; On                 ; On                 ;
; Auto DSP Block Replacement                                       ; On                 ; On                 ;
; Auto Shift Register Replacement                                  ; Auto               ; Auto               ;
; Allow Shift Register Merging across Hierarchies                  ; Auto               ; Auto               ;
; Auto Clock Enable Replacement                                    ; On                 ; On                 ;
; Strict RAM Replacement                                           ; Off                ; Off                ;
; Allow Synchronous Control Signals                                ; On                 ; On                 ;
; Force Use of Synchronous Clear Signals                           ; Off                ; Off                ;
; Auto RAM Block Balancing                                         ; On                 ; On                 ;
; Auto RAM to Logic Cell Conversion                                ; Off                ; Off                ;
; Auto Resource Sharing                                            ; Off                ; Off                ;
; Allow Any RAM Size For Recognition                               ; Off                ; Off                ;
; Allow Any ROM Size For Recognition                               ; Off                ; Off                ;
; Allow Any Shift Register Size For Recognition                    ; Off                ; Off                ;
; Use LogicLock Constraints during Resource Balancing              ; On                 ; On                 ;
; Ignore translate_off and synthesis_off directives                ; Off                ; Off                ;
; Timing-Driven Synthesis                                          ; On                 ; On                 ;
; Report Parameter Settings                                        ; On                 ; On                 ;
; Report Source Assignments                                        ; On                 ; On                 ;
; Report Connectivity Checks                                       ; On                 ; On                 ;
; Ignore Maximum Fan-Out Assignments                               ; Off                ; Off                ;
; Synchronization Register Chain Length                            ; 2                  ; 2                  ;
; Power Optimization During Synthesis                              ; Normal compilation ; Normal compilation ;
; HDL message level                                                ; Level2             ; Level2             ;
; Suppress Register Optimization Related Messages                  ; Off                ; Off                ;
; Number of Removed Registers Reported in Synthesis Report         ; 5000               ; 5000               ;
; Number of Swept Nodes Reported in Synthesis Report               ; 5000               ; 5000               ;
; Number of Inverted Registers Reported in Synthesis Report        ; 100                ; 100                ;
; Clock MUX Protection                                             ; On                 ; On                 ;
; Auto Gated Clock Conversion                                      ; Off                ; Off                ;
; Block Design Naming                                              ; Auto               ; Auto               ;
; SDC constraint protection                                        ; Off                ; Off                ;
; Synthesis Effort                                                 ; Auto               ; Auto               ;
; Shift Register Replacement - Allow Asynchronous Clear Signal     ; On                 ; On                 ;
; Pre-Mapping Resynthesis Optimization                             ; Off                ; Off                ;
; Analysis & Synthesis Message Level                               ; Medium             ; Medium             ;
; Disable Register Merging Across Hierarchies                      ; Auto               ; Auto               ;
; Resource Aware Inference For Block RAM                           ; On                 ; On                 ;
+------------------------------------------------------------------+--------------------+--------------------+


+------------------------------------------+
; Parallel Compilation                     ;
+----------------------------+-------------+
; Processors                 ; Number      ;
+----------------------------+-------------+
; Number detected on machine ; 16          ;
; Maximum allowed            ; 12          ;
;                            ;             ;
; Average used               ; 1.00        ;
; Maximum used               ; 12          ;
;                            ;             ;
; Usage by Processor         ; % Time Used ;
;     Processor 1            ; 100.0%      ;
;     Processors 2-12        ;   0.0%      ;
+----------------------------+-------------+


+---------------------------------------------------------------------------------------------------------------------------------------------------------------------------------------+
; Analysis & Synthesis Source Files Read                                                                                                                                                ;
+----------------------------------+-----------------+------------------------------+-----------------------------------------------------------------------------------------+---------+
; File Name with User-Entered Path ; Used in Netlist ; File Type                    ; File Name with Absolute Path                                                            ; Library ;
+----------------------------------+-----------------+------------------------------+-----------------------------------------------------------------------------------------+---------+
; contador_rolhas.v                ; yes             ; User Verilog HDL File        ; C:/Users/Chopenaur/Documents/codigo/quartus/PBLula_3-main_v4/contador_rolhas.v          ;         ;
; debounce.v                       ; yes             ; User Verilog HDL File        ; C:/Users/Chopenaur/Documents/codigo/quartus/PBLula_3-main_v4/debounce.v                 ;         ;
; decodificador_display.v          ; yes             ; User Verilog HDL File        ; C:/Users/Chopenaur/Documents/codigo/quartus/PBLula_3-main_v4/decodificador_display.v    ;         ;
; projeto_vinho_top.v              ; yes             ; User Verilog HDL File        ; C:/Users/Chopenaur/Documents/codigo/quartus/PBLula_3-main_v4/projeto_vinho_top.v        ;         ;
; fsm_main.v                       ; yes             ; User Verilog HDL File        ; C:/Users/Chopenaur/Documents/codigo/quartus/PBLula_3-main_v4/fsm_main.v                 ;         ;
; contador_duzias_v2.v             ; yes             ; User Verilog HDL File        ; C:/Users/Chopenaur/Documents/codigo/quartus/PBLula_3-main_v4/contador_duzias_v2.v       ;         ;
; lpm_divide.tdf                   ; yes             ; Megafunction                 ; c:/intelfpga_lite/23.1std/quartus/libraries/megafunctions/lpm_divide.tdf                ;         ;
; abs_divider.inc                  ; yes             ; Megafunction                 ; c:/intelfpga_lite/23.1std/quartus/libraries/megafunctions/abs_divider.inc               ;         ;
; sign_div_unsign.inc              ; yes             ; Megafunction                 ; c:/intelfpga_lite/23.1std/quartus/libraries/megafunctions/sign_div_unsign.inc           ;         ;
; aglobal231.inc                   ; yes             ; Megafunction                 ; c:/intelfpga_lite/23.1std/quartus/libraries/megafunctions/aglobal231.inc                ;         ;
; db/lpm_divide_bkl.tdf            ; yes             ; Auto-Generated Megafunction  ; C:/Users/Chopenaur/Documents/codigo/quartus/PBLula_3-main_v4/db/lpm_divide_bkl.tdf      ;         ;
; db/sign_div_unsign_akh.tdf       ; yes             ; Auto-Generated Megafunction  ; C:/Users/Chopenaur/Documents/codigo/quartus/PBLula_3-main_v4/db/sign_div_unsign_akh.tdf ;         ;
; db/alt_u_div_uee.tdf             ; yes             ; Auto-Generated Megafunction  ; C:/Users/Chopenaur/Documents/codigo/quartus/PBLula_3-main_v4/db/alt_u_div_uee.tdf       ;         ;
; db/add_sub_t3c.tdf               ; yes             ; Auto-Generated Megafunction  ; C:/Users/Chopenaur/Documents/codigo/quartus/PBLula_3-main_v4/db/add_sub_t3c.tdf         ;         ;
; db/add_sub_u3c.tdf               ; yes             ; Auto-Generated Megafunction  ; C:/Users/Chopenaur/Documents/codigo/quartus/PBLula_3-main_v4/db/add_sub_u3c.tdf         ;         ;
; db/lpm_divide_8sl.tdf            ; yes             ; Auto-Generated Megafunction  ; C:/Users/Chopenaur/Documents/codigo/quartus/PBLula_3-main_v4/db/lpm_divide_8sl.tdf      ;         ;
+----------------------------------+-----------------+------------------------------+-----------------------------------------------------------------------------------------+---------+


+--------------------------------------------------------------+
; Analysis & Synthesis Resource Usage Summary                  ;
+---------------------------------------------+----------------+
; Resource                                    ; Usage          ;
+---------------------------------------------+----------------+
; Estimated Total logic elements              ; 509            ;
;                                             ;                ;
; Total combinational functions               ; 506            ;
; Logic element usage by number of LUT inputs ;                ;
;     -- 4 input functions                    ; 140            ;
;     -- 3 input functions                    ; 81             ;
;     -- <=2 input functions                  ; 285            ;
;                                             ;                ;
; Logic elements by mode                      ;                ;
;     -- normal mode                          ; 284            ;
;     -- arithmetic mode                      ; 222            ;
;                                             ;                ;
; Total registers                             ; 187            ;
;     -- Dedicated logic registers            ; 187            ;
;     -- I/O registers                        ; 0              ;
;                                             ;                ;
; I/O pins                                    ; 49             ;
;                                             ;                ;
; Embedded Multiplier 9-bit elements          ; 0              ;
;                                             ;                ;
; Maximum fan-out node                        ; CLOCK_50~input ;
; Maximum fan-out                             ; 187            ;
; Total fan-out                               ; 2242           ;
; Average fan-out                             ; 2.83           ;
+---------------------------------------------+----------------+


+------------------------------------------------------------------------------------------------------------------------------------------------------------------------------------------------------------------------------------------------------------------------------------------------------------------------------------------------------------------------------------------------+
; Analysis & Synthesis Resource Utilization by Entity                                                                                                                                                                                                                                                                                                                                            ;
+----------------------------------------------+---------------------+---------------------------+-------------+------------+--------------+---------+-----------+------+--------------+------------+-----------------------------------------------------------------------------------------------------------------------------------------------------+-----------------------+--------------+
; Compilation Hierarchy Node                   ; Combinational ALUTs ; Dedicated Logic Registers ; Memory Bits ; UFM Blocks ; DSP Elements ; DSP 9x9 ; DSP 18x18 ; Pins ; Virtual Pins ; ADC blocks ; Full Hierarchy Name                                                                                                                                 ; Entity Name           ; Library Name ;
+----------------------------------------------+---------------------+---------------------------+-------------+------------+--------------+---------+-----------+------+--------------+------------+-----------------------------------------------------------------------------------------------------------------------------------------------------+-----------------------+--------------+
; |projeto_vinho_top                           ; 506 (0)             ; 187 (0)                   ; 0           ; 0          ; 0            ; 0       ; 0         ; 49   ; 0            ; 0          ; |projeto_vinho_top                                                                                                                                  ; projeto_vinho_top     ; work         ;
;    |contador_duzias_v2:contador_duzias_inst| ; 16 (16)             ; 12 (12)                   ; 0           ; 0          ; 0            ; 0       ; 0         ; 0    ; 0            ; 0          ; |projeto_vinho_top|contador_duzias_v2:contador_duzias_inst                                                                                          ; contador_duzias_v2    ; work         ;
;    |contador_rolhas:contador_rolhas_inst|    ; 98 (98)             ; 42 (42)                   ; 0           ; 0          ; 0            ; 0       ; 0         ; 0    ; 0            ; 0          ; |projeto_vinho_top|contador_rolhas:contador_rolhas_inst                                                                                             ; contador_rolhas       ; work         ;
;    |debounce:debounce_add_rolha|             ; 28 (28)             ; 25 (25)                   ; 0           ; 0          ; 0            ; 0       ; 0         ; 0    ; 0            ; 0          ; |projeto_vinho_top|debounce:debounce_add_rolha                                                                                                      ; debounce              ; work         ;
;    |decodificador_display:dec_duzias|        ; 103 (14)            ; 0 (0)                     ; 0           ; 0          ; 0            ; 0       ; 0         ; 0    ; 0            ; 0          ; |projeto_vinho_top|decodificador_display:dec_duzias                                                                                                 ; decodificador_display ; work         ;
;       |lpm_divide:Div0|                      ; 43 (0)              ; 0 (0)                     ; 0           ; 0          ; 0            ; 0       ; 0         ; 0    ; 0            ; 0          ; |projeto_vinho_top|decodificador_display:dec_duzias|lpm_divide:Div0                                                                                 ; lpm_divide            ; work         ;
;          |lpm_divide_8sl:auto_generated|     ; 43 (0)              ; 0 (0)                     ; 0           ; 0          ; 0            ; 0       ; 0         ; 0    ; 0            ; 0          ; |projeto_vinho_top|decodificador_display:dec_duzias|lpm_divide:Div0|lpm_divide_8sl:auto_generated                                                   ; lpm_divide_8sl        ; work         ;
;             |sign_div_unsign_akh:divider|    ; 43 (0)              ; 0 (0)                     ; 0           ; 0          ; 0            ; 0       ; 0         ; 0    ; 0            ; 0          ; |projeto_vinho_top|decodificador_display:dec_duzias|lpm_divide:Div0|lpm_divide_8sl:auto_generated|sign_div_unsign_akh:divider                       ; sign_div_unsign_akh   ; work         ;
;                |alt_u_div_uee:divider|       ; 43 (43)             ; 0 (0)                     ; 0           ; 0          ; 0            ; 0       ; 0         ; 0    ; 0            ; 0          ; |projeto_vinho_top|decodificador_display:dec_duzias|lpm_divide:Div0|lpm_divide_8sl:auto_generated|sign_div_unsign_akh:divider|alt_u_div_uee:divider ; alt_u_div_uee         ; work         ;
;       |lpm_divide:Mod0|                      ; 46 (0)              ; 0 (0)                     ; 0           ; 0          ; 0            ; 0       ; 0         ; 0    ; 0            ; 0          ; |projeto_vinho_top|decodificador_display:dec_duzias|lpm_divide:Mod0                                                                                 ; lpm_divide            ; work         ;
;          |lpm_divide_bkl:auto_generated|     ; 46 (0)              ; 0 (0)                     ; 0           ; 0          ; 0            ; 0       ; 0         ; 0    ; 0            ; 0          ; |projeto_vinho_top|decodificador_display:dec_duzias|lpm_divide:Mod0|lpm_divide_bkl:auto_generated                                                   ; lpm_divide_bkl        ; work         ;
;             |sign_div_unsign_akh:divider|    ; 46 (0)              ; 0 (0)                     ; 0           ; 0          ; 0            ; 0       ; 0         ; 0    ; 0            ; 0          ; |projeto_vinho_top|decodificador_display:dec_duzias|lpm_divide:Mod0|lpm_divide_bkl:auto_generated|sign_div_unsign_akh:divider                       ; sign_div_unsign_akh   ; work         ;
;                |alt_u_div_uee:divider|       ; 46 (46)             ; 0 (0)                     ; 0           ; 0          ; 0            ; 0       ; 0         ; 0    ; 0            ; 0          ; |projeto_vinho_top|decodificador_display:dec_duzias|lpm_divide:Mod0|lpm_divide_bkl:auto_generated|sign_div_unsign_akh:divider|alt_u_div_uee:divider ; alt_u_div_uee         ; work         ;
;    |decodificador_display:dec_rolhas|        ; 105 (14)            ; 0 (0)                     ; 0           ; 0          ; 0            ; 0       ; 0         ; 0    ; 0            ; 0          ; |projeto_vinho_top|decodificador_display:dec_rolhas                                                                                                 ; decodificador_display ; work         ;
;       |lpm_divide:Div0|                      ; 44 (0)              ; 0 (0)                     ; 0           ; 0          ; 0            ; 0       ; 0         ; 0    ; 0            ; 0          ; |projeto_vinho_top|decodificador_display:dec_rolhas|lpm_divide:Div0                                                                                 ; lpm_divide            ; work         ;
;          |lpm_divide_8sl:auto_generated|     ; 44 (0)              ; 0 (0)                     ; 0           ; 0          ; 0            ; 0       ; 0         ; 0    ; 0            ; 0          ; |projeto_vinho_top|decodificador_display:dec_rolhas|lpm_divide:Div0|lpm_divide_8sl:auto_generated                                                   ; lpm_divide_8sl        ; work         ;
;             |sign_div_unsign_akh:divider|    ; 44 (0)              ; 0 (0)                     ; 0           ; 0          ; 0            ; 0       ; 0         ; 0    ; 0            ; 0          ; |projeto_vinho_top|decodificador_display:dec_rolhas|lpm_divide:Div0|lpm_divide_8sl:auto_generated|sign_div_unsign_akh:divider                       ; sign_div_unsign_akh   ; work         ;
;                |alt_u_div_uee:divider|       ; 44 (44)             ; 0 (0)                     ; 0           ; 0          ; 0            ; 0       ; 0         ; 0    ; 0            ; 0          ; |projeto_vinho_top|decodificador_display:dec_rolhas|lpm_divide:Div0|lpm_divide_8sl:auto_generated|sign_div_unsign_akh:divider|alt_u_div_uee:divider ; alt_u_div_uee         ; work         ;
;       |lpm_divide:Mod0|                      ; 47 (0)              ; 0 (0)                     ; 0           ; 0          ; 0            ; 0       ; 0         ; 0    ; 0            ; 0          ; |projeto_vinho_top|decodificador_display:dec_rolhas|lpm_divide:Mod0                                                                                 ; lpm_divide            ; work         ;
;          |lpm_divide_bkl:auto_generated|     ; 47 (0)              ; 0 (0)                     ; 0           ; 0          ; 0            ; 0       ; 0         ; 0    ; 0            ; 0          ; |projeto_vinho_top|decodificador_display:dec_rolhas|lpm_divide:Mod0|lpm_divide_bkl:auto_generated                                                   ; lpm_divide_bkl        ; work         ;
;             |sign_div_unsign_akh:divider|    ; 47 (0)              ; 0 (0)                     ; 0           ; 0          ; 0            ; 0       ; 0         ; 0    ; 0            ; 0          ; |projeto_vinho_top|decodificador_display:dec_rolhas|lpm_divide:Mod0|lpm_divide_bkl:auto_generated|sign_div_unsign_akh:divider                       ; sign_div_unsign_akh   ; work         ;
;                |alt_u_div_uee:divider|       ; 47 (47)             ; 0 (0)                     ; 0           ; 0          ; 0            ; 0       ; 0         ; 0    ; 0            ; 0          ; |projeto_vinho_top|decodificador_display:dec_rolhas|lpm_divide:Mod0|lpm_divide_bkl:auto_generated|sign_div_unsign_akh:divider|alt_u_div_uee:divider ; alt_u_div_uee         ; work         ;
;    |fsm_main:comb_21|                        ; 156 (156)           ; 108 (108)                 ; 0           ; 0          ; 0            ; 0       ; 0         ; 0    ; 0            ; 0          ; |projeto_vinho_top|fsm_main:comb_21                                                                                                                 ; fsm_main              ; work         ;
+----------------------------------------------+---------------------+---------------------------+-------------+------------+--------------+---------+-----------+------+--------------+------------+-----------------------------------------------------------------------------------------------------------------------------------------------------+-----------------------+--------------+
Note: For table entries with two numbers listed, the numbers in parentheses indicate the number of resources of the given type used by the specific entity alone. The numbers listed outside of parentheses indicate the total resources of the given type used by the specific entity and all of its sub-entities in the hierarchy.


Encoding Type:  One-Hot
+---------------------------------------------------------------------------------------------------------------------------+
; State Machine - |projeto_vinho_top|contador_rolhas:contador_rolhas_inst|estado_dispensador                                ;
+--------------------------------+-------------------------+-------------------------------+--------------------------------+
; Name                           ; estado_dispensador.IDLE ; estado_dispensador.AGUARDANDO ; estado_dispensador.DISPENSANDO ;
+--------------------------------+-------------------------+-------------------------------+--------------------------------+
; estado_dispensador.IDLE        ; 0                       ; 0                             ; 0                              ;
; estado_dispensador.DISPENSANDO ; 1                       ; 0                             ; 1                              ;
; estado_dispensador.AGUARDANDO  ; 1                       ; 1                             ; 0                              ;
+--------------------------------+-------------------------+-------------------------------+--------------------------------+


+--------------------------------------------------------------------------------+
; Registers Removed During Synthesis                                             ;
+---------------------------------------+----------------------------------------+
; Register name                         ; Reason for Removal                     ;
+---------------------------------------+----------------------------------------+
; fsm_main:comb_21|estado_atual[3]      ; Stuck at GND due to stuck port data_in ;
; Total Number of Removed Registers = 1 ;                                        ;
+---------------------------------------+----------------------------------------+


+------------------------------------------------------+
; General Register Statistics                          ;
+----------------------------------------------+-------+
; Statistic                                    ; Value ;
+----------------------------------------------+-------+
; Total registers                              ; 187   ;
; Number of registers using Synchronous Clear  ; 131   ;
; Number of registers using Synchronous Load   ; 7     ;
; Number of registers using Asynchronous Clear ; 187   ;
; Number of registers using Asynchronous Load  ; 0     ;
; Number of registers using Clock Enable       ; 122   ;
; Number of registers using Preset             ; 0     ;
+----------------------------------------------+-------+


+------------------------------------------------------------------+
; Inverted Register Statistics                                     ;
+--------------------------------------------------------+---------+
; Inverted Register                                      ; Fan out ;
+--------------------------------------------------------+---------+
; contador_rolhas:contador_rolhas_inst|contador_valor[4] ; 15      ;
; contador_rolhas:contador_rolhas_inst|contador_valor[2] ; 13      ;
; contador_rolhas:contador_rolhas_inst|estoque           ; 3       ;
; debounce:debounce_add_rolha|button_stable              ; 4       ;
; debounce:debounce_add_rolha|button_stable_prev         ; 1       ;
; debounce:debounce_add_rolha|button_sync_1              ; 2       ;
; debounce:debounce_add_rolha|button_sync_0              ; 1       ;
; Total number of inverted registers = 7                 ;         ;
+--------------------------------------------------------+---------+


+-----------------------------------------------------------------------------------------------------------------------------------------------------------------------------------------+
; Multiplexer Restructuring Statistics (Restructuring Performed)                                                                                                                          ;
+--------------------+-----------+---------------+----------------------+------------------------+------------+---------------------------------------------------------------------------+
; Multiplexer Inputs ; Bus Width ; Baseline Area ; Area if Restructured ; Saving if Restructured ; Registered ; Example Multiplexer Output                                                ;
+--------------------+-----------+---------------+----------------------+------------------------+------------+---------------------------------------------------------------------------+
; 3:1                ; 20 bits   ; 40 LEs        ; 20 LEs               ; 20 LEs                 ; Yes        ; |projeto_vinho_top|debounce:debounce_add_rolha|counter[14]                ;
; 4:1                ; 5 bits    ; 10 LEs        ; 10 LEs               ; 0 LEs                  ; Yes        ; |projeto_vinho_top|contador_rolhas:contador_rolhas_inst|contador_valor[3] ;
; 17:1               ; 26 bits   ; 286 LEs       ; 26 LEs               ; 260 LEs                ; Yes        ; |projeto_vinho_top|fsm_main:comb_21|tempo_motor[9]                        ;
; 17:1               ; 26 bits   ; 286 LEs       ; 26 LEs               ; 260 LEs                ; Yes        ; |projeto_vinho_top|fsm_main:comb_21|tempo_ved[11]                         ;
; 17:1               ; 26 bits   ; 286 LEs       ; 26 LEs               ; 260 LEs                ; Yes        ; |projeto_vinho_top|fsm_main:comb_21|tempo_descarte[4]                     ;
; 17:1               ; 26 bits   ; 286 LEs       ; 26 LEs               ; 260 LEs                ; Yes        ; |projeto_vinho_top|fsm_main:comb_21|tempo_aprovado[1]                     ;
; 21:1               ; 2 bits    ; 28 LEs        ; 6 LEs                ; 22 LEs                 ; Yes        ; |projeto_vinho_top|fsm_main:comb_21|estado_atual[3]                       ;
; 4:1                ; 2 bits    ; 4 LEs         ; 4 LEs                ; 0 LEs                  ; Yes        ; |projeto_vinho_top|contador_rolhas:contador_rolhas_inst|contador_valor[2] ;
; 6:1                ; 3 bits    ; 12 LEs        ; 6 LEs                ; 6 LEs                  ; No         ; |projeto_vinho_top|contador_rolhas:contador_rolhas_inst|Selector29        ;
+--------------------+-----------+---------------+----------------------+------------------------+------------+---------------------------------------------------------------------------+


+--------------------------------------------------------------------------+
; Parameter Settings for User Entity Instance: debounce:debounce_add_rolha ;
+----------------+----------------------+----------------------------------+
; Parameter Name ; Value                ; Type                             ;
+----------------+----------------------+----------------------------------+
; COUNTER_WIDTH  ; 20                   ; Signed Integer                   ;
; COUNTER_MAX    ; 11110100001001000000 ; Unsigned Binary                  ;
+----------------+----------------------+----------------------------------+
Note: In order to hide this table in the UI and the text report file, please set the "Show Parameter Settings in Synthesis Report" option in "Analysis and Synthesis Settings -> More Settings" to "Off".


+----------------------------------------------------------------------+
; Parameter Settings for User Entity Instance: debounce:debounce_start ;
+----------------+----------------------+------------------------------+
; Parameter Name ; Value                ; Type                         ;
+----------------+----------------------+------------------------------+
; COUNTER_WIDTH  ; 20                   ; Signed Integer               ;
; COUNTER_MAX    ; 11110100001001000000 ; Unsigned Binary              ;
+----------------+----------------------+------------------------------+
Note: In order to hide this table in the UI and the text report file, please set the "Show Parameter Settings in Synthesis Report" option in "Analysis and Synthesis Settings -> More Settings" to "Off".


+---------------------------------------------------------------+
; Parameter Settings for User Entity Instance: fsm_main:comb_21 ;
+----------------+----------------------------+-----------------+
; Parameter Name ; Value                      ; Type            ;
+----------------+----------------------------+-----------------+
; UM_SEGUNDO     ; 10111110101111000010000000 ; Unsigned Binary ;
+----------------+----------------------------+-----------------+
Note: In order to hide this table in the UI and the text report file, please set the "Show Parameter Settings in Synthesis Report" option in "Analysis and Synthesis Settings -> More Settings" to "Off".


+-----------------------------------------------------------------------------------+
; Parameter Settings for User Entity Instance: contador_rolhas:contador_rolhas_inst ;
+-------------------+----------------------------+----------------------------------+
; Parameter Name    ; Value                      ; Type                             ;
+-------------------+----------------------------+----------------------------------+
; MAX_ROLHAS        ; 1100011                    ; Unsigned Binary                  ;
; LIMITE_REPOSICAO  ; 0000101                    ; Unsigned Binary                  ;
; QTD_REPOSICAO     ; 0001111                    ; Unsigned Binary                  ;
; TEMPO_DISPENSADOR ; 10111110101111000010000000 ; Unsigned Binary                  ;
+-------------------+----------------------------+----------------------------------+
Note: In order to hide this table in the UI and the text report file, please set the "Show Parameter Settings in Synthesis Report" option in "Analysis and Synthesis Settings -> More Settings" to "Off".


+--------------------------------------------------------------------------------------+
; Parameter Settings for User Entity Instance: contador_duzias_v2:contador_duzias_inst ;
+----------------+---------+-----------------------------------------------------------+
; Parameter Name ; Value   ; Type                                                      ;
+----------------+---------+-----------------------------------------------------------+
; MAX_DUZIAS     ; 0001010 ; Unsigned Binary                                           ;
; DUZIA          ; 0001100 ; Unsigned Binary                                           ;
+----------------+---------+-----------------------------------------------------------+
Note: In order to hide this table in the UI and the text report file, please set the "Show Parameter Settings in Synthesis Report" option in "Analysis and Synthesis Settings -> More Settings" to "Off".


+---------------------------------------------------------------------------------------------------+
; Parameter Settings for Inferred Entity Instance: decodificador_display:dec_rolhas|lpm_divide:Mod0 ;
+------------------------+----------------+---------------------------------------------------------+
; Parameter Name         ; Value          ; Type                                                    ;
+------------------------+----------------+---------------------------------------------------------+
; LPM_WIDTHN             ; 7              ; Untyped                                                 ;
; LPM_WIDTHD             ; 4              ; Untyped                                                 ;
; LPM_NREPRESENTATION    ; UNSIGNED       ; Untyped                                                 ;
; LPM_DREPRESENTATION    ; UNSIGNED       ; Untyped                                                 ;
; LPM_PIPELINE           ; 0              ; Untyped                                                 ;
; LPM_REMAINDERPOSITIVE  ; TRUE           ; Untyped                                                 ;
; MAXIMIZE_SPEED         ; 5              ; Untyped                                                 ;
; CBXI_PARAMETER         ; lpm_divide_bkl ; Untyped                                                 ;
; CARRY_CHAIN            ; MANUAL         ; Untyped                                                 ;
; OPTIMIZE_FOR_SPEED     ; 5              ; Untyped                                                 ;
; AUTO_CARRY_CHAINS      ; ON             ; AUTO_CARRY                                              ;
; IGNORE_CARRY_BUFFERS   ; OFF            ; IGNORE_CARRY                                            ;
; AUTO_CASCADE_CHAINS    ; ON             ; AUTO_CASCADE                                            ;
; IGNORE_CASCADE_BUFFERS ; OFF            ; IGNORE_CASCADE                                          ;
+------------------------+----------------+---------------------------------------------------------+
Note: In order to hide this table in the UI and the text report file, please set the "Show Parameter Settings in Synthesis Report" option in "Analysis and Synthesis Settings -> More Settings" to "Off".


+---------------------------------------------------------------------------------------------------+
; Parameter Settings for Inferred Entity Instance: decodificador_display:dec_rolhas|lpm_divide:Div0 ;
+------------------------+----------------+---------------------------------------------------------+
; Parameter Name         ; Value          ; Type                                                    ;
+------------------------+----------------+---------------------------------------------------------+
; LPM_WIDTHN             ; 7              ; Untyped                                                 ;
; LPM_WIDTHD             ; 4              ; Untyped                                                 ;
; LPM_NREPRESENTATION    ; UNSIGNED       ; Untyped                                                 ;
; LPM_DREPRESENTATION    ; UNSIGNED       ; Untyped                                                 ;
; LPM_PIPELINE           ; 0              ; Untyped                                                 ;
; LPM_REMAINDERPOSITIVE  ; TRUE           ; Untyped                                                 ;
; MAXIMIZE_SPEED         ; 5              ; Untyped                                                 ;
; CBXI_PARAMETER         ; lpm_divide_8sl ; Untyped                                                 ;
; CARRY_CHAIN            ; MANUAL         ; Untyped                                                 ;
; OPTIMIZE_FOR_SPEED     ; 5              ; Untyped                                                 ;
; AUTO_CARRY_CHAINS      ; ON             ; AUTO_CARRY                                              ;
; IGNORE_CARRY_BUFFERS   ; OFF            ; IGNORE_CARRY                                            ;
; AUTO_CASCADE_CHAINS    ; ON             ; AUTO_CASCADE                                            ;
; IGNORE_CASCADE_BUFFERS ; OFF            ; IGNORE_CASCADE                                          ;
+------------------------+----------------+---------------------------------------------------------+
Note: In order to hide this table in the UI and the text report file, please set the "Show Parameter Settings in Synthesis Report" option in "Analysis and Synthesis Settings -> More Settings" to "Off".


+---------------------------------------------------------------------------------------------------+
; Parameter Settings for Inferred Entity Instance: decodificador_display:dec_duzias|lpm_divide:Mod0 ;
+------------------------+----------------+---------------------------------------------------------+
; Parameter Name         ; Value          ; Type                                                    ;
+------------------------+----------------+---------------------------------------------------------+
; LPM_WIDTHN             ; 7              ; Untyped                                                 ;
; LPM_WIDTHD             ; 4              ; Untyped                                                 ;
; LPM_NREPRESENTATION    ; UNSIGNED       ; Untyped                                                 ;
; LPM_DREPRESENTATION    ; UNSIGNED       ; Untyped                                                 ;
; LPM_PIPELINE           ; 0              ; Untyped                                                 ;
; LPM_REMAINDERPOSITIVE  ; TRUE           ; Untyped                                                 ;
; MAXIMIZE_SPEED         ; 5              ; Untyped                                                 ;
; CBXI_PARAMETER         ; lpm_divide_bkl ; Untyped                                                 ;
; CARRY_CHAIN            ; MANUAL         ; Untyped                                                 ;
; OPTIMIZE_FOR_SPEED     ; 5              ; Untyped                                                 ;
; AUTO_CARRY_CHAINS      ; ON             ; AUTO_CARRY                                              ;
; IGNORE_CARRY_BUFFERS   ; OFF            ; IGNORE_CARRY                                            ;
; AUTO_CASCADE_CHAINS    ; ON             ; AUTO_CASCADE                                            ;
; IGNORE_CASCADE_BUFFERS ; OFF            ; IGNORE_CASCADE                                          ;
+------------------------+----------------+---------------------------------------------------------+
Note: In order to hide this table in the UI and the text report file, please set the "Show Parameter Settings in Synthesis Report" option in "Analysis and Synthesis Settings -> More Settings" to "Off".


+---------------------------------------------------------------------------------------------------+
; Parameter Settings for Inferred Entity Instance: decodificador_display:dec_duzias|lpm_divide:Div0 ;
+------------------------+----------------+---------------------------------------------------------+
; Parameter Name         ; Value          ; Type                                                    ;
+------------------------+----------------+---------------------------------------------------------+
; LPM_WIDTHN             ; 7              ; Untyped                                                 ;
; LPM_WIDTHD             ; 4              ; Untyped                                                 ;
; LPM_NREPRESENTATION    ; UNSIGNED       ; Untyped                                                 ;
; LPM_DREPRESENTATION    ; UNSIGNED       ; Untyped                                                 ;
; LPM_PIPELINE           ; 0              ; Untyped                                                 ;
; LPM_REMAINDERPOSITIVE  ; TRUE           ; Untyped                                                 ;
; MAXIMIZE_SPEED         ; 5              ; Untyped                                                 ;
; CBXI_PARAMETER         ; lpm_divide_8sl ; Untyped                                                 ;
; CARRY_CHAIN            ; MANUAL         ; Untyped                                                 ;
; OPTIMIZE_FOR_SPEED     ; 5              ; Untyped                                                 ;
; AUTO_CARRY_CHAINS      ; ON             ; AUTO_CARRY                                              ;
; IGNORE_CARRY_BUFFERS   ; OFF            ; IGNORE_CARRY                                            ;
; AUTO_CASCADE_CHAINS    ; ON             ; AUTO_CASCADE                                            ;
; IGNORE_CASCADE_BUFFERS ; OFF            ; IGNORE_CASCADE                                          ;
+------------------------+----------------+---------------------------------------------------------+
Note: In order to hide this table in the UI and the text report file, please set the "Show Parameter Settings in Synthesis Report" option in "Analysis and Synthesis Settings -> More Settings" to "Off".


+---------------------------------------------------------------------------------------------------------------------+
; Port Connectivity Checks: "debounce:debounce_start"                                                                 ;
+-----------+--------+----------+-------------------------------------------------------------------------------------+
; Port      ; Type   ; Severity ; Details                                                                             ;
+-----------+--------+----------+-------------------------------------------------------------------------------------+
; pulse_out ; Output ; Info     ; Connected to dangling logic. Logic that only feeds a dangling port will be removed. ;
+-----------+--------+----------+-------------------------------------------------------------------------------------+


+-----------------------------------------------------+
; Post-Synthesis Netlist Statistics for Top Partition ;
+-----------------------+-----------------------------+
; Type                  ; Count                       ;
+-----------------------+-----------------------------+
; boundary_port         ; 49                          ;
; cycloneiii_ff         ; 187                         ;
;     CLR               ; 45                          ;
;     CLR SCLR          ; 20                          ;
;     ENA CLR           ; 4                           ;
;     ENA CLR SCLR      ; 111                         ;
;     ENA CLR SLD       ; 7                           ;
; cycloneiii_lcell_comb ; 511                         ;
;     arith             ; 222                         ;
;         2 data inputs ; 169                         ;
;         3 data inputs ; 53                          ;
;     normal            ; 289                         ;
;         0 data inputs ; 17                          ;
;         1 data inputs ; 15                          ;
;         2 data inputs ; 89                          ;
;         3 data inputs ; 28                          ;
;         4 data inputs ; 140                         ;
;                       ;                             ;
; Max LUT depth         ; 11.50                       ;
; Average LUT depth     ; 5.70                        ;
+-----------------------+-----------------------------+


+-------------------------------+
; Elapsed Time Per Partition    ;
+----------------+--------------+
; Partition Name ; Elapsed Time ;
+----------------+--------------+
; Top            ; 00:00:01     ;
+----------------+--------------+


+-------------------------------+
; Analysis & Synthesis Messages ;
+-------------------------------+
Info: *******************************************************************
Info: Running Quartus Prime Analysis & Synthesis
    Info: Version 23.1std.1 Build 993 05/14/2024 SC Lite Edition
    Info: Processing started: Wed Nov 26 22:37:39 2025
Info: Command: quartus_map --read_settings_files=on --write_settings_files=off PBL3 -c PBL3
Warning (18236): Number of processors has not been specified which may cause overloading on shared machines.  Set the global assignment NUM_PARALLEL_PROCESSORS in your QSF to an appropriate value for best performance.
Info (20030): Parallel compilation is enabled and will use 12 of the 12 processors detected
Info (12021): Found 1 design units, including 1 entities, in source file contador_duzias.v
    Info (12023): Found entity 1: contador_duzias File: C:/Users/Chopenaur/Documents/codigo/quartus/PBLula_3-main_v4/contador_duzias.v Line: 9
Info (12021): Found 1 design units, including 1 entities, in source file contador_rolhas.v
    Info (12023): Found entity 1: contador_rolhas File: C:/Users/Chopenaur/Documents/codigo/quartus/PBLula_3-main_v4/contador_rolhas.v Line: 8
Info (12021): Found 1 design units, including 1 entities, in source file debounce.v
    Info (12023): Found entity 1: debounce File: C:/Users/Chopenaur/Documents/codigo/quartus/PBLula_3-main_v4/debounce.v Line: 8
Info (12021): Found 1 design units, including 1 entities, in source file decodificador_display.v
    Info (12023): Found entity 1: decodificador_display File: C:/Users/Chopenaur/Documents/codigo/quartus/PBLula_3-main_v4/decodificador_display.v Line: 8
Info (12021): Found 1 design units, including 1 entities, in source file fsm_cq_descarte.v
    Info (12023): Found entity 1: fsm_cq_descarte File: C:/Users/Chopenaur/Documents/codigo/quartus/PBLula_3-main_v4/fsm_cq_descarte.v Line: 9
Info (12021): Found 1 design units, including 1 entities, in source file fsm_enchimento.v
    Info (12023): Found entity 1: fsm_enchimento File: C:/Users/Chopenaur/Documents/codigo/quartus/PBLula_3-main_v4/fsm_enchimento.v Line: 9
Info (12021): Found 1 design units, including 1 entities, in source file fsm_esteira.v
    Info (12023): Found entity 1: fsm_esteira File: C:/Users/Chopenaur/Documents/codigo/quartus/PBLula_3-main_v4/fsm_esteira.v Line: 9
Info (12021): Found 1 design units, including 1 entities, in source file fsm_mestre.v
    Info (12023): Found entity 1: fsm_mestre File: C:/Users/Chopenaur/Documents/codigo/quartus/PBLula_3-main_v4/fsm_mestre.v Line: 9
Info (12021): Found 1 design units, including 1 entities, in source file fsm_vedacao.v
    Info (12023): Found entity 1: fsm_vedacao File: C:/Users/Chopenaur/Documents/codigo/quartus/PBLula_3-main_v4/fsm_vedacao.v Line: 9
Info (12021): Found 1 design units, including 1 entities, in source file projeto_vinho_top.v
    Info (12023): Found entity 1: projeto_vinho_top File: C:/Users/Chopenaur/Documents/codigo/quartus/PBLula_3-main_v4/projeto_vinho_top.v Line: 9
Info (12021): Found 1 design units, including 1 entities, in source file timer_1s.v
    Info (12023): Found entity 1: timer_1s File: C:/Users/Chopenaur/Documents/codigo/quartus/PBLula_3-main_v4/timer_1s.v Line: 1
Info (12021): Found 1 design units, including 1 entities, in source file fsm_main.v
    Info (12023): Found entity 1: fsm_main File: C:/Users/Chopenaur/Documents/codigo/quartus/PBLula_3-main_v4/fsm_main.v Line: 1
Info (12021): Found 1 design units, including 1 entities, in source file contador_duzias_v2.v
    Info (12023): Found entity 1: contador_duzias_v2 File: C:/Users/Chopenaur/Documents/codigo/quartus/PBLula_3-main_v4/contador_duzias_v2.v Line: 1
Warning (10236): Verilog HDL Implicit Net warning at projeto_vinho_top.v(117): created implicit net for "esteira_enchimento" File: C:/Users/Chopenaur/Documents/codigo/quartus/PBLula_3-main_v4/projeto_vinho_top.v Line: 117
Critical Warning (10846): Verilog HDL Instantiation warning at projeto_vinho_top.v(202): instance has no name File: C:/Users/Chopenaur/Documents/codigo/quartus/PBLula_3-main_v4/projeto_vinho_top.v Line: 202
Info (12127): Elaborating entity "projeto_vinho_top" for the top level hierarchy
Warning (10034): Output port "LEDR[2..1]" at projeto_vinho_top.v(20) has no driver File: C:/Users/Chopenaur/Documents/codigo/quartus/PBLula_3-main_v4/projeto_vinho_top.v Line: 20
Info (12128): Elaborating entity "debounce" for hierarchy "debounce:debounce_add_rolha" File: C:/Users/Chopenaur/Documents/codigo/quartus/PBLula_3-main_v4/projeto_vinho_top.v Line: 47
Warning (10230): Verilog HDL assignment warning at debounce.v(46): truncated value with size 32 to match size of target (20) File: C:/Users/Chopenaur/Documents/codigo/quartus/PBLula_3-main_v4/debounce.v Line: 46
Info (12128): Elaborating entity "fsm_main" for hierarchy "fsm_main:comb_21" File: C:/Users/Chopenaur/Documents/codigo/quartus/PBLula_3-main_v4/projeto_vinho_top.v Line: 202
Warning (10230): Verilog HDL assignment warning at fsm_main.v(58): truncated value with size 32 to match size of target (26) File: C:/Users/Chopenaur/Documents/codigo/quartus/PBLula_3-main_v4/fsm_main.v Line: 58
Warning (10230): Verilog HDL assignment warning at fsm_main.v(82): truncated value with size 32 to match size of target (26) File: C:/Users/Chopenaur/Documents/codigo/quartus/PBLula_3-main_v4/fsm_main.v Line: 82
Warning (10230): Verilog HDL assignment warning at fsm_main.v(100): truncated value with size 32 to match size of target (26) File: C:/Users/Chopenaur/Documents/codigo/quartus/PBLula_3-main_v4/fsm_main.v Line: 100
Warning (10230): Verilog HDL assignment warning at fsm_main.v(110): truncated value with size 32 to match size of target (26) File: C:/Users/Chopenaur/Documents/codigo/quartus/PBLula_3-main_v4/fsm_main.v Line: 110
Info (12128): Elaborating entity "contador_rolhas" for hierarchy "contador_rolhas:contador_rolhas_inst" File: C:/Users/Chopenaur/Documents/codigo/quartus/PBLula_3-main_v4/projeto_vinho_top.v Line: 214
Warning (10230): Verilog HDL assignment warning at contador_rolhas.v(89): truncated value with size 32 to match size of target (26) File: C:/Users/Chopenaur/Documents/codigo/quartus/PBLula_3-main_v4/contador_rolhas.v Line: 89
Warning (10230): Verilog HDL assignment warning at contador_rolhas.v(135): truncated value with size 32 to match size of target (7) File: C:/Users/Chopenaur/Documents/codigo/quartus/PBLula_3-main_v4/contador_rolhas.v Line: 135
Warning (10230): Verilog HDL assignment warning at contador_rolhas.v(138): truncated value with size 32 to match size of target (7) File: C:/Users/Chopenaur/Documents/codigo/quartus/PBLula_3-main_v4/contador_rolhas.v Line: 138
Info (12128): Elaborating entity "contador_duzias_v2" for hierarchy "contador_duzias_v2:contador_duzias_inst" File: C:/Users/Chopenaur/Documents/codigo/quartus/PBLula_3-main_v4/projeto_vinho_top.v Line: 225
Warning (10230): Verilog HDL assignment warning at contador_duzias_v2.v(35): truncated value with size 32 to match size of target (7) File: C:/Users/Chopenaur/Documents/codigo/quartus/PBLula_3-main_v4/contador_duzias_v2.v Line: 35
Warning (10230): Verilog HDL assignment warning at contador_duzias_v2.v(37): truncated value with size 32 to match size of target (4) File: C:/Users/Chopenaur/Documents/codigo/quartus/PBLula_3-main_v4/contador_duzias_v2.v Line: 37
Info (12128): Elaborating entity "decodificador_display" for hierarchy "decodificador_display:dec_rolhas" File: C:/Users/Chopenaur/Documents/codigo/quartus/PBLula_3-main_v4/projeto_vinho_top.v Line: 234
Warning (10230): Verilog HDL assignment warning at decodificador_display.v(18): truncated value with size 32 to match size of target (4) File: C:/Users/Chopenaur/Documents/codigo/quartus/PBLula_3-main_v4/decodificador_display.v Line: 18
Warning (10230): Verilog HDL assignment warning at decodificador_display.v(19): truncated value with size 32 to match size of target (4) File: C:/Users/Chopenaur/Documents/codigo/quartus/PBLula_3-main_v4/decodificador_display.v Line: 19
Info (13014): Ignored 21 buffer(s)
    Info (13019): Ignored 21 SOFT buffer(s)
Info (278001): Inferred 4 megafunctions from design logic
    Info (278004): Inferred divider/modulo megafunction ("lpm_divide") from the following logic: "decodificador_display:dec_rolhas|Mod0" File: C:/Users/Chopenaur/Documents/codigo/quartus/PBLula_3-main_v4/decodificador_display.v Line: 19
    Info (278004): Inferred divider/modulo megafunction ("lpm_divide") from the following logic: "decodificador_display:dec_rolhas|Div0" File: C:/Users/Chopenaur/Documents/codigo/quartus/PBLula_3-main_v4/decodificador_display.v Line: 18
    Info (278004): Inferred divider/modulo megafunction ("lpm_divide") from the following logic: "decodificador_display:dec_duzias|Mod0" File: C:/Users/Chopenaur/Documents/codigo/quartus/PBLula_3-main_v4/decodificador_display.v Line: 19
    Info (278004): Inferred divider/modulo megafunction ("lpm_divide") from the following logic: "decodificador_display:dec_duzias|Div0" File: C:/Users/Chopenaur/Documents/codigo/quartus/PBLula_3-main_v4/decodificador_display.v Line: 18
Info (12130): Elaborated megafunction instantiation "decodificador_display:dec_rolhas|lpm_divide:Mod0" File: C:/Users/Chopenaur/Documents/codigo/quartus/PBLula_3-main_v4/decodificador_display.v Line: 19
Info (12133): Instantiated megafunction "decodificador_display:dec_rolhas|lpm_divide:Mod0" with the following parameter: File: C:/Users/Chopenaur/Documents/codigo/quartus/PBLula_3-main_v4/decodificador_display.v Line: 19
    Info (12134): Parameter "LPM_WIDTHN" = "7"
    Info (12134): Parameter "LPM_WIDTHD" = "4"
    Info (12134): Parameter "LPM_NREPRESENTATION" = "UNSIGNED"
    Info (12134): Parameter "LPM_DREPRESENTATION" = "UNSIGNED"
Info (12021): Found 1 design units, including 1 entities, in source file db/lpm_divide_bkl.tdf
    Info (12023): Found entity 1: lpm_divide_bkl File: C:/Users/Chopenaur/Documents/codigo/quartus/PBLula_3-main_v4/db/lpm_divide_bkl.tdf Line: 25
Info (12021): Found 1 design units, including 1 entities, in source file db/sign_div_unsign_akh.tdf
    Info (12023): Found entity 1: sign_div_unsign_akh File: C:/Users/Chopenaur/Documents/codigo/quartus/PBLula_3-main_v4/db/sign_div_unsign_akh.tdf Line: 25
Info (12021): Found 1 design units, including 1 entities, in source file db/alt_u_div_uee.tdf
    Info (12023): Found entity 1: alt_u_div_uee File: C:/Users/Chopenaur/Documents/codigo/quartus/PBLula_3-main_v4/db/alt_u_div_uee.tdf Line: 27
Info (12021): Found 1 design units, including 1 entities, in source file db/add_sub_t3c.tdf
    Info (12023): Found entity 1: add_sub_t3c File: C:/Users/Chopenaur/Documents/codigo/quartus/PBLula_3-main_v4/db/add_sub_t3c.tdf Line: 23
Info (12021): Found 1 design units, including 1 entities, in source file db/add_sub_u3c.tdf
    Info (12023): Found entity 1: add_sub_u3c File: C:/Users/Chopenaur/Documents/codigo/quartus/PBLula_3-main_v4/db/add_sub_u3c.tdf Line: 23
Info (12130): Elaborated megafunction instantiation "decodificador_display:dec_rolhas|lpm_divide:Div0" File: C:/Users/Chopenaur/Documents/codigo/quartus/PBLula_3-main_v4/decodificador_display.v Line: 18
Info (12133): Instantiated megafunction "decodificador_display:dec_rolhas|lpm_divide:Div0" with the following parameter: File: C:/Users/Chopenaur/Documents/codigo/quartus/PBLula_3-main_v4/decodificador_display.v Line: 18
    Info (12134): Parameter "LPM_WIDTHN" = "7"
    Info (12134): Parameter "LPM_WIDTHD" = "4"
    Info (12134): Parameter "LPM_NREPRESENTATION" = "UNSIGNED"
    Info (12134): Parameter "LPM_DREPRESENTATION" = "UNSIGNED"
Info (12021): Found 1 design units, including 1 entities, in source file db/lpm_divide_8sl.tdf
    Info (12023): Found entity 1: lpm_divide_8sl File: C:/Users/Chopenaur/Documents/codigo/quartus/PBLula_3-main_v4/db/lpm_divide_8sl.tdf Line: 25
Info (13000): Registers with preset signals will power-up high File: C:/Users/Chopenaur/Documents/codigo/quartus/PBLula_3-main_v4/contador_rolhas.v Line: 30
Info (13003): DEV_CLRn pin will set, and not reset, register with preset signal due to NOT Gate Push-Back
Warning (13024): Output pins are stuck at VCC or GND
    Warning (13410): Pin "LEDR[1]" is stuck at GND File: C:/Users/Chopenaur/Documents/codigo/quartus/PBLula_3-main_v4/projeto_vinho_top.v Line: 20
    Warning (13410): Pin "LEDR[2]" is stuck at GND File: C:/Users/Chopenaur/Documents/codigo/quartus/PBLula_3-main_v4/projeto_vinho_top.v Line: 20
    Warning (13410): Pin "LEDR[3]" is stuck at GND File: C:/Users/Chopenaur/Documents/codigo/quartus/PBLula_3-main_v4/projeto_vinho_top.v Line: 20
Info (286030): Timing-Driven Synthesis is running
Info (17016): Found the following redundant logic cells in design
    Info (17048): Logic cell "decodificador_display:dec_rolhas|lpm_divide:Mod0|lpm_divide_bkl:auto_generated|sign_div_unsign_akh:divider|alt_u_div_uee:divider|add_sub_4_result_int[0]~10" File: C:/Users/Chopenaur/Documents/codigo/quartus/PBLula_3-main_v4/db/alt_u_div_uee.tdf Line: 47
    Info (17048): Logic cell "decodificador_display:dec_rolhas|lpm_divide:Div0|lpm_divide_8sl:auto_generated|sign_div_unsign_akh:divider|alt_u_div_uee:divider|add_sub_4_result_int[0]~10" File: C:/Users/Chopenaur/Documents/codigo/quartus/PBLula_3-main_v4/db/alt_u_div_uee.tdf Line: 47
Info (144001): Generated suppressed messages file C:/Users/Chopenaur/Documents/codigo/quartus/PBLula_3-main_v4/output_files/PBL3.map.smsg
Info (16010): Generating hard_block partition "hard_block:auto_generated_inst"
    Info (16011): Adding 0 node(s), including 0 DDIO, 0 PLL, 0 transceiver and 0 LCELL
Warning (21074): Design contains 4 input pin(s) that do not drive logic
    Warning (15610): No output dependent on input pin "SW[0]" File: C:/Users/Chopenaur/Documents/codigo/quartus/PBLula_3-main_v4/projeto_vinho_top.v Line: 15
    Warning (15610): No output dependent on input pin "SW[4]" File: C:/Users/Chopenaur/Documents/codigo/quartus/PBLula_3-main_v4/projeto_vinho_top.v Line: 15
    Warning (15610): No output dependent on input pin "SW[5]" File: C:/Users/Chopenaur/Documents/codigo/quartus/PBLula_3-main_v4/projeto_vinho_top.v Line: 15
    Warning (15610): No output dependent on input pin "SW[6]" File: C:/Users/Chopenaur/Documents/codigo/quartus/PBLula_3-main_v4/projeto_vinho_top.v Line: 15
Info (21057): Implemented 560 device resources after synthesis - the final resource count might be different
    Info (21058): Implemented 11 input pins
    Info (21059): Implemented 38 output pins
    Info (21061): Implemented 511 logic cells
Info: Quartus Prime Analysis & Synthesis was successful. 0 errors, 25 warnings
    Info: Peak virtual memory: 4851 megabytes
    Info: Processing ended: Wed Nov 26 22:37:48 2025
    Info: Elapsed time: 00:00:09
    Info: Total CPU time (on all processors): 00:00:21


+------------------------------------------+
; Analysis & Synthesis Suppressed Messages ;
+------------------------------------------+
The suppressed messages can be found in C:/Users/Chopenaur/Documents/codigo/quartus/PBLula_3-main_v4/output_files/PBL3.map.smsg.


